<?xml version="1.0" encoding="UTF-8"?>
<testng-results skipped="0" failed="0" total="0" passed="0">
  <reporter-output>
  </reporter-output>
  <suite name="Geico insurance company" duration-ms="4" started-at="2015-01-22T03:13:28Z" finished-at="2015-01-22T03:13:28Z">
    <groups>
    </groups>
    <test name="Geico LogIn tab" duration-ms="4" started-at="2015-01-22T03:13:28Z" finished-at="2015-01-22T03:13:28Z">
    </test> <!-- Geico LogIn tab -->
  </suite> <!-- Geico insurance company -->
</testng-results>
